# JRE version: Java(TM) SE Runtime Environment (8.0_201-b09) (build 1.8.0_201-b09)
# Java VM: Java HotSpot(TM) 64-Bit Server VM (25.201-b09 mixed mode windows-amd64 compressed oops)
Heap:
 PSYoungGen      total 128512K, used 40009K [0x000000076b000000, 0x0000000773a00000, 0x00000007c0000000)
  eden space 117760K, 33% used [0x000000076b000000,0x000000076d712658,0x0000000772300000)
  from space 10752K, 0% used [0x0000000772d00000,0x0000000772d00000,0x0000000773780000)
  to   space 10240K, 0% used [0x0000000772300000,0x0000000772300000,0x0000000772d00000)
 ParOldGen       total 126976K, used 15388K [0x00000006c1000000, 0x00000006c8c00000, 0x000000076b000000)
  object space 126976K, 12% used [0x00000006c1000000,0x00000006c1f073f0,0x00000006c8c00000)
 Metaspace       used 34923K, capacity 37280K, committed 37376K, reserved 1081344K
  class space    used 4828K, capacity 5290K, committed 5376K, reserved 1048576K
GC Heap History (10 events):
Event: 3.338 GC heap before
{Heap before GC invocations=6 (full 1):
 PSYoungGen      total 76288K, used 69785K [0x000000076b000000, 0x0000000773200000, 0x00000007c0000000)
  eden space 65536K, 99% used [0x000000076b000000,0x000000076eff8338,0x000000076f000000)
  from space 10752K, 39% used [0x000000076fa80000,0x000000076feae4a0,0x0000000770500000)
  to   space 10752K, 0% used [0x000000076f000000,0x000000076f000000,0x000000076fa80000)
 ParOldGen       total 94208K, used 8666K [0x00000006c1000000, 0x00000006c6c00000, 0x000000076b000000)
  object space 94208K, 9% used [0x00000006c1000000,0x00000006c1876bb8,0x00000006c6c00000)
 Metaspace       used 24964K, capacity 26732K, committed 26880K, reserved 1073152K
  class space    used 3407K, capacity 3752K, committed 3840K, reserved 1048576K
Event: 3.343 GC heap after
Heap after GC invocations=6 (full 1):
 PSYoungGen      total 76288K, used 4323K [0x000000076b000000, 0x0000000773780000, 0x00000007c0000000)
  eden space 65536K, 0% used [0x000000076b000000,0x000000076b000000,0x000000076f000000)
  from space 10752K, 40% used [0x000000076f000000,0x000000076f438eb8,0x000000076fa80000)
  to   space 10752K, 0% used [0x0000000772d00000,0x0000000772d00000,0x0000000773780000)
 ParOldGen       total 94208K, used 8666K [0x00000006c1000000, 0x00000006c6c00000, 0x000000076b000000)
  object space 94208K, 9% used [0x00000006c1000000,0x00000006c1876bb8,0x00000006c6c00000)
 Metaspace       used 24964K, capacity 26732K, committed 26880K, reserved 1073152K
  class space    used 3407K, capacity 3752K, committed 3840K, reserved 1048576K
}
Event: 3.428 GC heap before
{Heap before GC invocations=7 (full 1):
 PSYoungGen      total 76288K, used 69859K [0x000000076b000000, 0x0000000773780000, 0x00000007c0000000)
  eden space 65536K, 100% used [0x000000076b000000,0x000000076f000000,0x000000076f000000)
  from space 10752K, 40% used [0x000000076f000000,0x000000076f438eb8,0x000000076fa80000)
  to   space 10752K, 0% used [0x0000000772d00000,0x0000000772d00000,0x0000000773780000)
 ParOldGen       total 94208K, used 8666K [0x00000006c1000000, 0x00000006c6c00000, 0x000000076b000000)
  object space 94208K, 9% used [0x00000006c1000000,0x00000006c1876bb8,0x00000006c6c00000)
 Metaspace       used 26220K, capacity 27986K, committed 28288K, reserved 1073152K
  class space    used 3532K, capacity 3897K, committed 3968K, reserved 1048576K
Event: 3.435 GC heap after
Heap after GC invocations=7 (full 1):
 PSYoungGen      total 128512K, used 4685K [0x000000076b000000, 0x0000000773a00000, 0x00000007c0000000)
  eden space 117760K, 0% used [0x000000076b000000,0x000000076b000000,0x0000000772300000)
  from space 10752K, 43% used [0x0000000772d00000,0x0000000773193780,0x0000000773780000)
  to   space 10240K, 0% used [0x0000000772300000,0x0000000772300000,0x0000000772d00000)
 ParOldGen       total 94208K, used 8666K [0x00000006c1000000, 0x00000006c6c00000, 0x000000076b000000)
  object space 94208K, 9% used [0x00000006c1000000,0x00000006c1876bb8,0x00000006c6c00000)
 Metaspace       used 26220K, capacity 27986K, committed 28288K, reserved 1073152K
  class space    used 3532K, capacity 3897K, committed 3968K, reserved 1048576K
}
Event: 3.891 GC heap before
{Heap before GC invocations=8 (full 1):
 PSYoungGen      total 128512K, used 122445K [0x000000076b000000, 0x0000000773a00000, 0x00000007c0000000)
  eden space 117760K, 100% used [0x000000076b000000,0x0000000772300000,0x0000000772300000)
  from space 10752K, 43% used [0x0000000772d00000,0x0000000773193780,0x0000000773780000)
  to   space 10240K, 0% used [0x0000000772300000,0x0000000772300000,0x0000000772d00000)
 ParOldGen       total 94208K, used 8666K [0x00000006c1000000, 0x00000006c6c00000, 0x000000076b000000)
  object space 94208K, 9% used [0x00000006c1000000,0x00000006c1876bb8,0x00000006c6c00000)
 Metaspace       used 30378K, capacity 32354K, committed 32640K, reserved 1077248K
  class space    used 4049K, capacity 4429K, committed 4480K, reserved 1048576K
Event: 3.904 GC heap after
Heap after GC invocations=8 (full 1):
 PSYoungGen      total 128000K, used 10228K [0x000000076b000000, 0x0000000773a00000, 0x00000007c0000000)
  eden space 117760K, 0% used [0x000000076b000000,0x000000076b000000,0x0000000772300000)
  from space 10240K, 99% used [0x0000000772300000,0x0000000772cfd190,0x0000000772d00000)
  to   space 10752K, 0% used [0x0000000772d00000,0x0000000772d00000,0x0000000773780000)
 ParOldGen       total 94208K, used 9017K [0x00000006c1000000, 0x00000006c6c00000, 0x000000076b000000)
  object space 94208K, 9% used [0x00000006c1000000,0x00000006c18ce5f8,0x00000006c6c00000)
 Metaspace       used 30378K, capacity 32354K, committed 32640K, reserved 1077248K
  class space    used 4049K, capacity 4429K, committed 4480K, reserved 1048576K
}
Event: 4.423 GC heap before
{Heap before GC invocations=9 (full 1):
 PSYoungGen      total 128000K, used 99427K [0x000000076b000000, 0x0000000773a00000, 0x00000007c0000000)
  eden space 117760K, 75% used [0x000000076b000000,0x000000077071bb40,0x0000000772300000)
  from space 10240K, 99% used [0x0000000772300000,0x0000000772cfd190,0x0000000772d00000)
  to   space 10752K, 0% used [0x0000000772d00000,0x0000000772d00000,0x0000000773780000)
 ParOldGen       total 94208K, used 9017K [0x00000006c1000000, 0x00000006c6c00000, 0x000000076b000000)
  object space 94208K, 9% used [0x00000006c1000000,0x00000006c18ce5f8,0x00000006c6c00000)
 Metaspace       used 33227K, capacity 35380K, committed 35456K, reserved 1079296K
  class space    used 4491K, capacity 4918K, committed 4992K, reserved 1048576K
Event: 4.429 GC heap after
Heap after GC invocations=9 (full 1):
 PSYoungGen      total 128512K, used 8237K [0x000000076b000000, 0x0000000773a00000, 0x00000007c0000000)
  eden space 117760K, 0% used [0x000000076b000000,0x000000076b000000,0x0000000772300000)
  from space 10752K, 76% used [0x0000000772d00000,0x000000077350b730,0x0000000773780000)
  to   space 10240K, 0% used [0x0000000772300000,0x0000000772300000,0x0000000772d00000)
 ParOldGen       total 94208K, used 10285K [0x00000006c1000000, 0x00000006c6c00000, 0x000000076b000000)
  object space 94208K, 10% used [0x00000006c1000000,0x00000006c1a0b608,0x00000006c6c00000)
 Metaspace       used 33227K, capacity 35380K, committed 35456K, reserved 1079296K
  class space    used 4491K, capacity 4918K, committed 4992K, reserved 1048576K
}
Event: 4.429 GC heap before
{Heap before GC invocations=10 (full 2):
 PSYoungGen      total 128512K, used 8237K [0x000000076b000000, 0x0000000773a00000, 0x00000007c0000000)
  eden space 117760K, 0% used [0x000000076b000000,0x000000076b000000,0x0000000772300000)
  from space 10752K, 76% used [0x0000000772d00000,0x000000077350b730,0x0000000773780000)
  to   space 10240K, 0% used [0x0000000772300000,0x0000000772300000,0x0000000772d00000)
 ParOldGen       total 94208K, used 10285K [0x00000006c1000000, 0x00000006c6c00000, 0x000000076b000000)
  object space 94208K, 10% used [0x00000006c1000000,0x00000006c1a0b608,0x00000006c6c00000)
 Metaspace       used 33227K, capacity 35380K, committed 35456K, reserved 1079296K
  class space    used 4491K, capacity 4918K, committed 4992K, reserved 1048576K
Event: 4.452 GC heap after
Heap after GC invocations=10 (full 2):
 PSYoungGen      total 128512K, used 0K [0x000000076b000000, 0x0000000773a00000, 0x00000007c0000000)
  eden space 117760K, 0% used [0x000000076b000000,0x000000076b000000,0x0000000772300000)
  from space 10752K, 0% used [0x0000000772d00000,0x0000000772d00000,0x0000000773780000)
  to   space 10240K, 0% used [0x0000000772300000,0x0000000772300000,0x0000000772d00000)
 ParOldGen       total 126976K, used 15388K [0x00000006c1000000, 0x00000006c8c00000, 0x000000076b000000)
  object space 126976K, 12% used [0x00000006c1000000,0x00000006c1f073f0,0x00000006c8c00000)
 Metaspace       used 33227K, capacity 35380K, committed 35456K, reserved 1079296K
  class space    used 4491K, capacity 4918K, committed 4992K, reserved 1048576K
}

